<testsuites id="" name="" tests="3" failures="1" skipped="0" errors="0" time="14.106356">
<testsuite name="Features/example.feature.spec.js" timestamp="2025-12-22T10:50:21.622Z" hostname="Google Chrome" tests="3" failures="1" skipped="0" time="17.782" errors="0">
<testcase name="Login feature › #1 Standard User" classname="Features/example.feature.spec.js" time="5.947">
<system-out>
<![CDATA[
[[ATTACHMENT|Features-example.feature-Login-feature-1-Standard-User-Google-Chrome/test-finished-1.png]]
]]>
</system-out>
</testcase>
<testcase name="Login feature › #2 Problem User" classname="Features/example.feature.spec.js" time="5.994">
<system-out>
<![CDATA[
[[ATTACHMENT|Features-example.feature-Login-feature-2-Problem-User-Google-Chrome/test-finished-1.png]]
]]>
</system-out>
</testcase>
<testcase name="Login feature › #3 Locked User" classname="Features/example.feature.spec.js" time="5.841">
<failure message="example.feature.spec.js:16:7 #3 Locked User" type="FAILURE">
<![CDATA[  [Google Chrome] › Features/example.feature.spec.js:16:7 › Login feature › #3 Locked User › Then user should see the inventory title 

    Error: expect(received).toBe(expected) // Object.is equality

    Expected: true
    Received: false

       at ../Steps/example.steps.ts:18

      16 |
      17 | Then("user should see the inventory title", async ({ inventoryPage }) => {
    > 18 |   expect(await inventoryPage.isPageTitleDisplayed()).toBe(true);
         |                                                      ^
      19 | });
      20 |
        at Object.<anonymous> (/home/vsts/work/1/s/Steps/example.steps.ts:18:54)
        at /home/vsts/work/1/s/Test/Features/example.feature.spec.js:18:5

    attachment #1: screenshot (image/png) ──────────────────────────────────────────────────────────
    ../test-results/Features-example.feature-Login-feature-3-Locked-User-Google-Chrome/test-failed-1.png
    ────────────────────────────────────────────────────────────────────────────────────────────────

    attachment #2: video (video/webm) ──────────────────────────────────────────────────────────────
    ../test-results/Features-example.feature-Login-feature-3-Locked-User-Google-Chrome/video.webm
    ────────────────────────────────────────────────────────────────────────────────────────────────

    Error Context: ../test-results/Features-example.feature-Login-feature-3-Locked-User-Google-Chrome/error-context.md

    attachment #4: trace (application/zip) ─────────────────────────────────────────────────────────
    ../test-results/Features-example.feature-Login-feature-3-Locked-User-Google-Chrome/trace.zip
    Usage:

        npx playwright show-trace ../test-results/Features-example.feature-Login-feature-3-Locked-User-Google-Chrome/trace.zip

    ────────────────────────────────────────────────────────────────────────────────────────────────
]]>
</failure>
<system-out>
<![CDATA[
[[ATTACHMENT|Features-example.feature-Login-feature-3-Locked-User-Google-Chrome/test-failed-1.png]]

[[ATTACHMENT|Features-example.feature-Login-feature-3-Locked-User-Google-Chrome/video.webm]]

[[ATTACHMENT|Features-example.feature-Login-feature-3-Locked-User-Google-Chrome/error-context.md]]

[[ATTACHMENT|Features-example.feature-Login-feature-3-Locked-User-Google-Chrome/trace.zip]]
]]>
</system-out>
</testcase>
</testsuite>
</testsuites>